
20190823 15:27:34:开始获取最新的高度信息

20190823 15:27:36:写入区块高度信息结果:true

20190823 15:27:54:开始明网数据统计分析

20190823 15:27:54:开始获取最新的高度信息

20190823 15:27:54:写入区块高度信息结果:true

20190823 15:28:14:开始获取最新的高度信息

20190823 15:28:17:写入区块高度信息结果:true

20190823 15:28:24:开始获取最新的高度信息

20190823 15:28:26:写入区块高度信息结果:true

20190823 15:28:44:开始获取最新的高度信息

20190823 15:28:44:开始明网数据统计分析

20190823 15:28:44:写入区块高度信息结果:true

20190823 15:29:04:开始获取最新的高度信息

20190823 15:29:04:写入区块高度信息结果:true

20190823 15:29:24:开始获取最新的高度信息

20190823 15:29:25:写入区块高度信息结果:true

20190823 15:29:44:开始获取最新的高度信息

20190823 15:29:44:写入区块高度信息结果:true

20190823 15:30:04:开始获取最新的高度信息

20190823 15:30:07:写入区块高度信息结果:true

20190823 15:30:09:明网数据统计分析成功

20190823 15:30:24:开始获取最新的高度信息

20190823 15:30:24:写入区块高度信息结果:true

20190825 09:11:57:开始获取最新的高度信息

20190825 09:12:17:开始明网数据统计分析

20190825 09:14:03:开始获取最新的高度信息

20190825 09:14:23:开始明网数据统计分析

20190825 09:17:09:开始获取最新的高度信息

20190825 09:17:29:开始明网数据统计分析

20190825 09:18:58:开始获取最新的高度信息

20190825 09:19:18:开始明网数据统计分析

20190825 09:20:26:开始获取最新的高度信息

20190825 09:20:46:开始明网数据统计分析

20190825 09:21:22:开始获取最新的高度信息

20190825 09:21:42:开始明网数据统计分析

20190825 09:22:23:开始获取最新的高度信息

20190825 09:22:43:开始明网数据统计分析

20190825 09:24:01:开始获取最新的高度信息

20190825 09:24:21:开始明网数据统计分析

20190922 12:20:59:开始获取最新的高度信息
